<?xml version="1.0" encoding="UTF-8"?>
<!-- Generated by org.testng.reporters.JUnitReportReporter -->
<testsuite skipped="0" hostname="Thennu" name="MavenProject.mavensample.TCDriver" tests="1" failures="0" timestamp="27 Aug 2018 20:37:06 GMT" time="4.262" errors="0">
  <testcase name="NavigatetoLogin" time="4.262" classname="MavenProject.mavensample.TCDriver"/>
</testsuite> <!-- MavenProject.mavensample.TCDriver -->
